Parko/app/build/intermediates/manifest_merge_blame_file/debug/manifest-merger-blame-debug-report.txt
1<?xml version="1.0" encoding="utf-8"?>
2<manifest xmlns:android="http://schemas.android.com/apk/res/android"
3    xmlns:dist="http://schemas.android.com/apk/distribution"
4    package="com.example.parko"
5    android:versionCode="1"
6    android:versionName="1.0" >
7
8    <uses-sdk
9        android:minSdkVersion="24"
9-->src\main\AndroidManifest.xml
10        android:targetSdkVersion="29" />
10-->src\main\AndroidManifest.xml
11
12    <dist:module dist:instant="true" />
12-->src\main\AndroidManifest.xml:6:5-40
12-->src\main\AndroidManifest.xml:6:18-37
13
14    <uses-permission android:name="android.permission.ACCESS_NETWORK_STATE" />
14-->[com.google.firebase:firebase-database:16.0.4] AndroidManifest.xml:22:5-79
14-->[com.google.firebase:firebase-database:16.0.4] AndroidManifest.xml:22:22-76
15    <uses-permission android:name="android.permission.INTERNET" />
15-->[com.google.firebase:firebase-database:16.0.4] AndroidManifest.xml:23:5-67
15-->[com.google.firebase:firebase-database:16.0.4] AndroidManifest.xml:23:22-64
16
17    <application
17-->src\main\AndroidManifest.xml:8:5-24:19
18        android:allowBackup="true"
18-->src\main\AndroidManifest.xml:9:9-35
19        android:appComponentFactory="androidx.core.app.CoreComponentFactory"
19-->[androidx.core:core:1.1.0] AndroidManifest.xml:24:18-86
20        android:debuggable="true"
21        android:extractNativeLibs="false"
22        android:icon="@mipmap/ic_launcher"
22-->src\main\AndroidManifest.xml:10:9-43
23        android:label="@string/app_name"
23-->src\main\AndroidManifest.xml:11:9-41
24        android:roundIcon="@mipmap/ic_launcher_round"
24-->src\main\AndroidManifest.xml:12:9-54
25        android:supportsRtl="true"
25-->src\main\AndroidManifest.xml:13:9-35
26        android:testOnly="true"
27        android:theme="@style/AppTheme" >
27-->src\main\AndroidManifest.xml:14:9-40
28        <activity android:name="com.example.parko.LotActivity" />
28-->src\main\AndroidManifest.xml:15:9-58
28-->src\main\AndroidManifest.xml:15:19-46
29        <activity android:name="com.example.parko.SplashActivity" >
29-->src\main\AndroidManifest.xml:16:9-22:20
29-->src\main\AndroidManifest.xml:16:19-49
30            <intent-filter>
30-->src\main\AndroidManifest.xml:17:13-21:29
31                <action android:name="android.intent.action.MAIN" />
31-->src\main\AndroidManifest.xml:18:17-69
31-->src\main\AndroidManifest.xml:18:25-66
32
33                <category android:name="android.intent.category.LAUNCHER" />
33-->src\main\AndroidManifest.xml:20:17-77
33-->src\main\AndroidManifest.xml:20:27-74
34            </intent-filter>
35        </activity>
36        <activity android:name="com.example.parko.MainActivity" />
36-->src\main\AndroidManifest.xml:23:9-59
36-->src\main\AndroidManifest.xml:23:19-47
37        <activity
37-->[com.google.android.gms:play-services-base:16.0.1] AndroidManifest.xml:23:9-26:75
38            android:name="com.google.android.gms.common.api.GoogleApiActivity"
38-->[com.google.android.gms:play-services-base:16.0.1] AndroidManifest.xml:24:13-79
39            android:exported="false"
39-->[com.google.android.gms:play-services-base:16.0.1] AndroidManifest.xml:25:13-37
40            android:theme="@android:style/Theme.Translucent.NoTitleBar" />
40-->[com.google.android.gms:play-services-base:16.0.1] AndroidManifest.xml:26:13-72
41
42        <provider
42-->[com.google.firebase:firebase-common:16.0.3] AndroidManifest.xml:10:9-14:39
43            android:name="com.google.firebase.provider.FirebaseInitProvider"
43-->[com.google.firebase:firebase-common:16.0.3] AndroidManifest.xml:11:13-77
44            android:authorities="com.example.parko.firebaseinitprovider"
44-->[com.google.firebase:firebase-common:16.0.3] AndroidManifest.xml:12:13-72
45            android:exported="false"
45-->[com.google.firebase:firebase-common:16.0.3] AndroidManifest.xml:13:13-37
46            android:initOrder="100" />
46-->[com.google.firebase:firebase-common:16.0.3] AndroidManifest.xml:14:13-36
47
48        <meta-data
48-->[com.google.android.gms:play-services-basement:16.0.1] AndroidManifest.xml:23:9-25:69
49            android:name="com.google.android.gms.version"
49-->[com.google.android.gms:play-services-basement:16.0.1] AndroidManifest.xml:24:13-58
50            android:value="@integer/google_play_services_version" />
50-->[com.google.android.gms:play-services-basement:16.0.1] AndroidManifest.xml:25:13-66
51    </application>
52
53</manifest>